<?xml version="1.0" encoding="UTF-8"?>
<testsuite xmlns:xsi="http://www.w3.org/2001/XMLSchema-instance" xsi:noNamespaceSchemaLocation="https://maven.apache.org/surefire/maven-surefire-plugin/xsd/surefire-test-report.xsd" name="com.tuyano.springboot.AppTest" time="0.019" tests="1" errors="0" skipped="0" failures="0">
  <properties>
    <property name="sun.desktop" value="windows"/>
    <property name="awt.toolkit" value="sun.awt.windows.WToolkit"/>
    <property name="file.encoding.pkg" value="sun.io"/>
    <property name="java.specification.version" value="1.8"/>
    <property name="sun.cpu.isalist" value="amd64"/>
    <property name="sun.jnu.encoding" value="MS932"/>
    <property name="java.class.path" value="D:\Work\workspace\learning\SpringBoot2 プログラミング入門\Chapter03\maven\MyBootApp\target\test-classes;D:\Work\workspace\learning\SpringBoot2 プログラミング入門\Chapter03\maven\MyBootApp\target\classes;C:\Users\KIRINOA22101\.m2\repository\junit\junit\4.11\junit-4.11.jar;C:\Users\KIRINOA22101\.m2\repository\org\hamcrest\hamcrest-core\1.3\hamcrest-core-1.3.jar;"/>
    <property name="java.vm.vendor" value="Oracle Corporation"/>
    <property name="sun.arch.data.model" value="64"/>
    <property name="user.variant" value=""/>
    <property name="java.vendor.url" value="http://java.oracle.com/"/>
    <property name="user.timezone" value="Asia/Tokyo"/>
    <property name="java.vm.specification.version" value="1.8"/>
    <property name="os.name" value="Windows 10"/>
    <property name="user.country" value="JP"/>
    <property name="sun.java.launcher" value="SUN_STANDARD"/>
    <property name="sun.boot.library.path" value="C:\Tools\Java\jdk-8.231\jre\bin"/>
    <property name="sun.java.command" value="C:\Users\KIRINO~1\AppData\Local\Temp\surefire869103359586651340\surefirebooter5909450159206439143.jar C:\Users\KIRINOA22101\AppData\Local\Temp\surefire869103359586651340 2020-07-05T20-54-54_517-jvmRun1 surefire7385897587383087121tmp surefire_01691652027860610407tmp"/>
    <property name="surefire.test.class.path" value="D:\Work\workspace\learning\SpringBoot2 プログラミング入門\Chapter03\maven\MyBootApp\target\test-classes;D:\Work\workspace\learning\SpringBoot2 プログラミング入門\Chapter03\maven\MyBootApp\target\classes;C:\Users\KIRINOA22101\.m2\repository\junit\junit\4.11\junit-4.11.jar;C:\Users\KIRINOA22101\.m2\repository\org\hamcrest\hamcrest-core\1.3\hamcrest-core-1.3.jar;"/>
    <property name="sun.cpu.endian" value="little"/>
    <property name="user.home" value="C:\Users\KIRINOA22101"/>
    <property name="user.language" value="ja"/>
    <property name="java.specification.vendor" value="Oracle Corporation"/>
    <property name="java.home" value="C:\Tools\Java\jdk-8.231\jre"/>
    <property name="basedir" value="D:\Work\workspace\learning\SpringBoot2 プログラミング入門\Chapter03\maven\MyBootApp"/>
    <property name="file.separator" value="\"/>
    <property name="line.separator" value="&#10;"/>
    <property name="java.vm.specification.vendor" value="Oracle Corporation"/>
    <property name="java.specification.name" value="Java Platform API Specification"/>
    <property name="java.awt.graphicsenv" value="sun.awt.Win32GraphicsEnvironment"/>
    <property name="surefire.real.class.path" value="C:\Users\KIRINO~1\AppData\Local\Temp\surefire869103359586651340\surefirebooter5909450159206439143.jar"/>
    <property name="sun.boot.class.path" value="C:\Tools\Java\jdk-8.231\jre\lib\resources.jar;C:\Tools\Java\jdk-8.231\jre\lib\rt.jar;C:\Tools\Java\jdk-8.231\jre\lib\sunrsasign.jar;C:\Tools\Java\jdk-8.231\jre\lib\jsse.jar;C:\Tools\Java\jdk-8.231\jre\lib\jce.jar;C:\Tools\Java\jdk-8.231\jre\lib\charsets.jar;C:\Tools\Java\jdk-8.231\jre\lib\jfr.jar;C:\Tools\Java\jdk-8.231\jre\classes"/>
    <property name="user.script" value=""/>
    <property name="sun.management.compiler" value="HotSpot 64-Bit Tiered Compilers"/>
    <property name="java.runtime.version" value="1.8.0_231-b11"/>
    <property name="user.name" value="KIRINOA22101"/>
    <property name="path.separator" value=";"/>
    <property name="os.version" value="10.0"/>
    <property name="java.endorsed.dirs" value="C:\Tools\Java\jdk-8.231\jre\lib\endorsed"/>
    <property name="java.runtime.name" value="Java(TM) SE Runtime Environment"/>
    <property name="file.encoding" value="MS932"/>
    <property name="java.vm.name" value="Java HotSpot(TM) 64-Bit Server VM"/>
    <property name="localRepository" value="C:\Users\KIRINOA22101\.m2\repository"/>
    <property name="java.vendor.url.bug" value="http://bugreport.sun.com/bugreport/"/>
    <property name="java.io.tmpdir" value="C:\Users\KIRINO~1\AppData\Local\Temp\"/>
    <property name="java.version" value="1.8.0_231"/>
    <property name="user.dir" value="D:\Work\workspace\learning\SpringBoot2 プログラミング入門\Chapter03\maven\MyBootApp"/>
    <property name="os.arch" value="amd64"/>
    <property name="java.vm.specification.name" value="Java Virtual Machine Specification"/>
    <property name="java.awt.printerjob" value="sun.awt.windows.WPrinterJob"/>
    <property name="sun.os.patch.level" value=""/>
    <property name="java.library.path" value="C:\Tools\Java\jdk-8.231\jre\bin;C:\WINDOWS\Sun\Java\bin;C:\WINDOWS\system32;C:\WINDOWS;C:\WINDOWS\system32;C:\WINDOWS;C:\WINDOWS\System32\Wbem;C:\WINDOWS\System32\WindowsPowerShell\v1.0\;C:\WINDOWS\System32\OpenSSH\;C:\Program Files (x86)\Brackets\command;C:\Program Files\WinMerge;C:\Program Files\TortoiseSVN\bin;C:\Program Files\VisualSVN Server\bin;C:\Program Files\Microsoft VS Code\bin;C:\Program Files\Git\cmd;C:\Program Files\TortoiseGit\bin;C:\Tools\Anaconda3;C:\Tools\Anaconda3\Library\mingw-w64\bin;C:\Tools\Anaconda3\Library\usr\bin;C:\Tools\Anaconda3\Library\bin;C:\Tools\Anaconda3\Scripts;C:\Users\KIRINOA22101\AppData\Local\Microsoft\WindowsApps;C:\Tools\Pycharm_Community_2019.3.1\PyCharm Community Edition 2019.3.1\bin;;C:\Tools\Java\jdk-8.231\bin;C:\Tools\Apache Maven\apache-maven-3.6.2\bin;C:\Tools\Gradle\gradle-6.3\bin;C:\Tools\Apache Groovy\groovy-3.0.2\bin;C:\Tools\H2 Database\h2-1.4.200\bin;C:\Tools\Spring Boot CLI\Spring Boot CLI 2.3.0.R1\spring-2.3.0.RC1\bin;C:\Tools\Node.js\node12.18.2;C:\Tools\Node.js\node12.18.2\node_modules;;."/>
    <property name="java.vm.info" value="mixed mode"/>
    <property name="java.vendor" value="Oracle Corporation"/>
    <property name="java.vm.version" value="25.231-b11"/>
    <property name="java.ext.dirs" value="C:\Tools\Java\jdk-8.231\jre\lib\ext;C:\WINDOWS\Sun\Java\lib\ext"/>
    <property name="sun.io.unicode.encoding" value="UnicodeLittle"/>
    <property name="java.class.version" value="52.0"/>
  </properties>
  <testcase name="shouldAnswerWithTrue" classname="com.tuyano.springboot.AppTest" time="0.001"/>
</testsuite>